<?xml version="1.0" encoding="UTF-8"?>
<beans xmlns="http://www.springframework.org/schema/beans"
	xmlns:xsi="http://www.w3.org/2001/XMLSchema-instance"
	xmlns:context="http://www.springframework.org/schema/context"
	xmlns:p="http://www.springframework.org/schema/p"
	xsi:schemaLocation="http://www.springframework.org/schema/beans
                            http://www.springframework.org/schema/beans/spring-beans-3.0.xsd
                            http://www.springframework.org/schema/context
                            http://www.springframework.org/schema/context/spring-context-3.0.xsd" >
                                
    <context:property-placeholder location="classpath:test-jdbc.properties" />
    
    <bean id="dataSource" class="org.apache.commons.dbcp.BasicDataSource"
	        p:driverClassName="com.mysql.jdbc.Driver"
	        p:username="athat"
	        p:password="athat"
	        p:url="jdbc:mysql://localhost:3306/athat_test"
	        p:validationQuery="SELECT 1"
    />
                                
</beans>
